[2023-09-20 01:34:05] flarum.ERROR: Swift_TransportException: Expected response code 220 but got an empty response in /flarum/app/vendor/swiftmailer/swiftmailer/lib/classes/Swift/Transport/AbstractSmtpTransport.php:447
Stack trace:
#0 /flarum/app/vendor/swiftmailer/swiftmailer/lib/classes/Swift/Transport/AbstractSmtpTransport.php(360): Swift_Transport_AbstractSmtpTransport->assertResponseCode()
#1 /flarum/app/vendor/swiftmailer/swiftmailer/lib/classes/Swift/Transport/AbstractSmtpTransport.php(147): Swift_Transport_AbstractSmtpTransport->readGreeting()
#2 /flarum/app/vendor/swiftmailer/swiftmailer/lib/classes/Swift/Mailer.php(65): Swift_Transport_AbstractSmtpTransport->start()
#3 /flarum/app/vendor/illuminate/mail/Mailer.php(521): Swift_Mailer->send()
#4 /flarum/app/vendor/illuminate/mail/Mailer.php(288): Illuminate\Mail\Mailer->sendSwiftMessage()
#5 /flarum/app/vendor/illuminate/mail/Mailer.php(212): Illuminate\Mail\Mailer->send()
#6 /flarum/app/vendor/flarum/core/src/Api/Controller/SendTestMailController.php(43): Illuminate\Mail\Mailer->raw()
#7 /flarum/app/vendor/flarum/core/src/Http/RouteHandlerFactory.php(41): Flarum\Api\Controller\SendTestMailController->handle()
#8 /flarum/app/vendor/flarum/core/src/Http/Middleware/ExecuteRoute.php(27): Flarum\Http\RouteHandlerFactory->Flarum\Http\{closure}()
#9 /flarum/app/vendor/laminas/laminas-stratigility/src/Next.php(49): Flarum\Http\Middleware\ExecuteRoute->process()
#10 /flarum/app/vendor/flarum/core/src/Api/Middleware/ThrottleApi.php(33): Laminas\Stratigility\Next->handle()
#11 /flarum/app/vendor/laminas/laminas-stratigility/src/Next.php(49): Flarum\Api\Middleware\ThrottleApi->process()
#12 /flarum/app/vendor/flarum/core/src/Http/Middleware/CheckCsrfToken.php(44): Laminas\Stratigility\Next->handle()
#13 /flarum/app/vendor/laminas/laminas-stratigility/src/Next.php(49): Flarum\Http\Middleware\CheckCsrfToken->process()
#14 /flarum/app/vendor/flarum/core/src/Http/Middleware/ResolveRoute.php(69): Laminas\Stratigility\Next->handle()
#15 /flarum/app/vendor/laminas/laminas-stratigility/src/Next.php(49): Flarum\Http\Middleware\ResolveRoute->process()
#16 /flarum/app/vendor/flarum/core/src/Http/Middleware/SetLocale.php(51): Laminas\Stratigility\Next->handle()
#17 /flarum/app/vendor/laminas/laminas-stratigility/src/Next.php(49): Flarum\Http\Middleware\SetLocale->process()
#18 /flarum/app/vendor/flarum/core/src/Http/Middleware/AuthenticateWithHeader.php(58): Laminas\Stratigility\Next->handle()
#19 /flarum/app/vendor/laminas/laminas-stratigility/src/Next.php(49): Flarum\Http\Middleware\AuthenticateWithHeader->process()
#20 /flarum/app/vendor/flarum/core/src/Http/Middleware/AuthenticateWithSession.php(31): Laminas\Stratigility\Next->handle()
#21 /flarum/app/vendor/laminas/laminas-stratigility/src/Next.php(49): Flarum\Http\Middleware\AuthenticateWithSession->process()
#22 /flarum/app/vendor/flarum/core/src/Http/Middleware/RememberFromCookie.php(52): Laminas\Stratigility\Next->handle()
#23 /flarum/app/vendor/laminas/laminas-stratigility/src/Next.php(49): Flarum\Http\Middleware\RememberFromCookie->process()
#24 /flarum/app/vendor/flarum/core/src/Http/Middleware/StartSession.php(61): Laminas\Stratigility\Next->handle()
#25 /flarum/app/vendor/laminas/laminas-stratigility/src/Next.php(49): Flarum\Http\Middleware\StartSession->process()
#26 /flarum/app/vendor/flarum/core/src/Api/Middleware/FakeHttpMethods.php(29): Laminas\Stratigility\Next->handle()
#27 /flarum/app/vendor/laminas/laminas-stratigility/src/Next.php(49): Flarum\Api\Middleware\FakeHttpMethods->process()
#28 /flarum/app/vendor/flarum/core/src/Http/Middleware/ParseJsonBody.php(28): Laminas\Stratigility\Next->handle()
#29 /flarum/app/vendor/laminas/laminas-stratigility/src/Next.php(49): Flarum\Http\Middleware\ParseJsonBody->process()
#30 /flarum/app/vendor/flarum/core/src/Http/Middleware/HandleErrors.php(57): Laminas\Stratigility\Next->handle()
#31 /flarum/app/vendor/laminas/laminas-stratigility/src/Next.php(49): Flarum\Http\Middleware\HandleErrors->process()
#32 /flarum/app/vendor/flarum/core/src/Http/Middleware/InjectActorReference.php(25): Laminas\Stratigility\Next->handle()
#33 /flarum/app/vendor/laminas/laminas-stratigility/src/Next.php(49): Flarum\Http\Middleware\InjectActorReference->process()
#34 /flarum/app/vendor/laminas/laminas-stratigility/src/MiddlewarePipe.php(75): Laminas\Stratigility\Next->handle()
#35 /flarum/app/vendor/middlewares/request-handler/src/RequestHandler.php(84): Laminas\Stratigility\MiddlewarePipe->process()
#36 /flarum/app/vendor/laminas/laminas-stratigility/src/Next.php(49): Middlewares\RequestHandler->process()
#37 /flarum/app/vendor/middlewares/base-path-router/src/BasePathRouter.php(101): Laminas\Stratigility\Next->handle()
#38 /flarum/app/vendor/laminas/laminas-stratigility/src/Next.php(49): Middlewares\BasePathRouter->process()
#39 /flarum/app/vendor/laminas/laminas-stratigility/src/Middleware/OriginalMessages.php(36): Laminas\Stratigility\Next->handle()
#40 /flarum/app/vendor/laminas/laminas-stratigility/src/Next.php(49): Laminas\Stratigility\Middleware\OriginalMessages->process()
#41 /flarum/app/vendor/middlewares/base-path/src/BasePath.php(73): Laminas\Stratigility\Next->handle()
#42 /flarum/app/vendor/laminas/laminas-stratigility/src/Next.php(49): Middlewares\BasePath->process()
#43 /flarum/app/vendor/flarum/core/src/Http/Middleware/ProcessIp.php(24): Laminas\Stratigility\Next->handle()
#44 /flarum/app/vendor/laminas/laminas-stratigility/src/Next.php(49): Flarum\Http\Middleware\ProcessIp->process()
#45 /flarum/app/vendor/laminas/laminas-stratigility/src/MiddlewarePipe.php(75): Laminas\Stratigility\Next->handle()
#46 /flarum/app/vendor/laminas/laminas-stratigility/src/MiddlewarePipe.php(64): Laminas\Stratigility\MiddlewarePipe->process()
#47 /flarum/app/vendor/laminas/laminas-httphandlerrunner/src/RequestHandlerRunner.php(73): Laminas\Stratigility\MiddlewarePipe->handle()
#48 /flarum/app/vendor/flarum/core/src/Http/Server.php(45): Laminas\HttpHandlerRunner\RequestHandlerRunner->run()
#49 /flarum/app/public/index.php(26): Flarum\Http\Server->listen()
#50 {main}  
